<?xml version="1.0" encoding="UTF-8"?>
<testng-results skipped="0" failed="0" ignored="0" total="10" passed="10">
  <reporter-output>
  </reporter-output>
  <suite name="Suite" duration-ms="64877" started-at="2021-02-22T20:58:35 IST" finished-at="2021-02-22T20:59:40 IST">
    <groups>
      <group name="cucumber">
        <method signature="AbstractTestNGCucumberTests.runScenario(io.cucumber.testng.PickleWrapper, io.cucumber.testng.FeatureWrapper)[pri:0, instance:testRunner.RunTesterClass@3cb1ffe6]" name="runScenario" class="io.cucumber.testng.AbstractTestNGCucumberTests"/>
      </group> <!-- cucumber -->
    </groups>
    <test name="Test" duration-ms="64877" started-at="2021-02-22T20:58:35 IST" finished-at="2021-02-22T20:59:40 IST">
      <class name="testRunner.RunTesterClass">
        <test-method status="PASS" signature="setUpClass()[pri:0, instance:testRunner.RunTesterClass@3cb1ffe6]" name="setUpClass" is-config="true" duration-ms="847" started-at="2021-02-22T20:58:35 IST" finished-at="2021-02-22T20:58:36 IST">
          <reporter-output>
          </reporter-output>
        </test-method> <!-- setUpClass -->
        <test-method status="PASS" signature="runScenario(io.cucumber.testng.PickleWrapper, io.cucumber.testng.FeatureWrapper)[pri:0, instance:testRunner.RunTesterClass@3cb1ffe6]" name="runScenario" duration-ms="5858" started-at="2021-02-22T20:58:36 IST" description="Runs Cucumber Scenarios" data-provider="scenarios" finished-at="2021-02-22T20:58:42 IST">
          <params>
            <param index="0">
              <value>
                <![CDATA["To check the response and error code upon registering station without api key"]]>
              </value>
            </param>
            <param index="1">
              <value>
                <![CDATA["OpenWeather API"]]>
              </value>
            </param>
          </params>
          <reporter-output>
          </reporter-output>
        </test-method> <!-- runScenario -->
        <test-method status="PASS" signature="runScenario(io.cucumber.testng.PickleWrapper, io.cucumber.testng.FeatureWrapper)[pri:0, instance:testRunner.RunTesterClass@3cb1ffe6]" name="runScenario" duration-ms="824" started-at="2021-02-22T20:58:42 IST" description="Runs Cucumber Scenarios" data-provider="scenarios" finished-at="2021-02-22T20:58:43 IST">
          <params>
            <param index="0">
              <value>
                <![CDATA["Register the two stations"]]>
              </value>
            </param>
            <param index="1">
              <value>
                <![CDATA["OpenWeather API"]]>
              </value>
            </param>
          </params>
          <reporter-output>
          </reporter-output>
        </test-method> <!-- runScenario -->
        <test-method status="PASS" signature="runScenario(io.cucumber.testng.PickleWrapper, io.cucumber.testng.FeatureWrapper)[pri:0, instance:testRunner.RunTesterClass@3cb1ffe6]" name="runScenario" duration-ms="790" started-at="2021-02-22T20:58:43 IST" description="Runs Cucumber Scenarios" data-provider="scenarios" finished-at="2021-02-22T20:58:44 IST">
          <params>
            <param index="0">
              <value>
                <![CDATA["Register the two stations"]]>
              </value>
            </param>
            <param index="1">
              <value>
                <![CDATA["OpenWeather API"]]>
              </value>
            </param>
          </params>
          <reporter-output>
          </reporter-output>
        </test-method> <!-- runScenario -->
        <test-method status="PASS" signature="runScenario(io.cucumber.testng.PickleWrapper, io.cucumber.testng.FeatureWrapper)[pri:0, instance:testRunner.RunTesterClass@3cb1ffe6]" name="runScenario" duration-ms="4527" started-at="2021-02-22T20:58:44 IST" description="Runs Cucumber Scenarios" data-provider="scenarios" finished-at="2021-02-22T20:58:48 IST">
          <params>
            <param index="0">
              <value>
                <![CDATA["Verify if stations were successfully stored and verify values with the values mentioned during registration"]]>
              </value>
            </param>
            <param index="1">
              <value>
                <![CDATA["OpenWeather API"]]>
              </value>
            </param>
          </params>
          <reporter-output>
          </reporter-output>
        </test-method> <!-- runScenario -->
        <test-method status="PASS" signature="runScenario(io.cucumber.testng.PickleWrapper, io.cucumber.testng.FeatureWrapper)[pri:0, instance:testRunner.RunTesterClass@3cb1ffe6]" name="runScenario" duration-ms="3478" started-at="2021-02-22T20:58:48 IST" description="Runs Cucumber Scenarios" data-provider="scenarios" finished-at="2021-02-22T20:58:52 IST">
          <params>
            <param index="0">
              <value>
                <![CDATA["Verify if stations were successfully stored and verify values with the values mentioned during registration"]]>
              </value>
            </param>
            <param index="1">
              <value>
                <![CDATA["OpenWeather API"]]>
              </value>
            </param>
          </params>
          <reporter-output>
          </reporter-output>
        </test-method> <!-- runScenario -->
        <test-method status="PASS" signature="runScenario(io.cucumber.testng.PickleWrapper, io.cucumber.testng.FeatureWrapper)[pri:0, instance:testRunner.RunTesterClass@3cb1ffe6]" name="runScenario" duration-ms="1460" started-at="2021-02-22T20:58:52 IST" description="Runs Cucumber Scenarios" data-provider="scenarios" finished-at="2021-02-22T20:58:53 IST">
          <params>
            <param index="0">
              <value>
                <![CDATA["Delete the Registered the stations"]]>
              </value>
            </param>
            <param index="1">
              <value>
                <![CDATA["OpenWeather API"]]>
              </value>
            </param>
          </params>
          <reporter-output>
          </reporter-output>
        </test-method> <!-- runScenario -->
        <test-method status="PASS" signature="runScenario(io.cucumber.testng.PickleWrapper, io.cucumber.testng.FeatureWrapper)[pri:0, instance:testRunner.RunTesterClass@3cb1ffe6]" name="runScenario" duration-ms="1483" started-at="2021-02-22T20:58:53 IST" description="Runs Cucumber Scenarios" data-provider="scenarios" finished-at="2021-02-22T20:58:55 IST">
          <params>
            <param index="0">
              <value>
                <![CDATA["Delete the Registered the stations"]]>
              </value>
            </param>
            <param index="1">
              <value>
                <![CDATA["OpenWeather API"]]>
              </value>
            </param>
          </params>
          <reporter-output>
          </reporter-output>
        </test-method> <!-- runScenario -->
        <test-method status="PASS" signature="runScenario(io.cucumber.testng.PickleWrapper, io.cucumber.testng.FeatureWrapper)[pri:0, instance:testRunner.RunTesterClass@3cb1ffe6]" name="runScenario" duration-ms="2257" started-at="2021-02-22T20:58:55 IST" description="Runs Cucumber Scenarios" data-provider="scenarios" finished-at="2021-02-22T20:58:57 IST">
          <params>
            <param index="0">
              <value>
                <![CDATA["Delete the Already deleted stations"]]>
              </value>
            </param>
            <param index="1">
              <value>
                <![CDATA["OpenWeather API"]]>
              </value>
            </param>
          </params>
          <reporter-output>
          </reporter-output>
        </test-method> <!-- runScenario -->
        <test-method status="PASS" signature="runScenario(io.cucumber.testng.PickleWrapper, io.cucumber.testng.FeatureWrapper)[pri:0, instance:testRunner.RunTesterClass@3cb1ffe6]" name="runScenario" duration-ms="2213" started-at="2021-02-22T20:58:57 IST" description="Runs Cucumber Scenarios" data-provider="scenarios" finished-at="2021-02-22T20:58:59 IST">
          <params>
            <param index="0">
              <value>
                <![CDATA["Delete the Already deleted stations"]]>
              </value>
            </param>
            <param index="1">
              <value>
                <![CDATA["OpenWeather API"]]>
              </value>
            </param>
          </params>
          <reporter-output>
          </reporter-output>
        </test-method> <!-- runScenario -->
        <test-method status="PASS" signature="runScenario(io.cucumber.testng.PickleWrapper, io.cucumber.testng.FeatureWrapper)[pri:0, instance:testRunner.RunTesterClass@3cb1ffe6]" name="runScenario" duration-ms="40605" started-at="2021-02-22T20:58:59 IST" description="Runs Cucumber Scenarios" data-provider="scenarios" finished-at="2021-02-22T20:59:40 IST">
          <params>
            <param index="0">
              <value>
                <![CDATA["To verify if all prodcut detaila are correct"]]>
              </value>
            </param>
            <param index="1">
              <value>
                <![CDATA["Verify the product details"]]>
              </value>
            </param>
          </params>
          <reporter-output>
          </reporter-output>
        </test-method> <!-- runScenario -->
        <test-method status="PASS" signature="tearDownClass()[pri:0, instance:testRunner.RunTesterClass@3cb1ffe6]" name="tearDownClass" is-config="true" duration-ms="462" started-at="2021-02-22T20:59:40 IST" finished-at="2021-02-22T20:59:40 IST">
          <reporter-output>
          </reporter-output>
        </test-method> <!-- tearDownClass -->
      </class> <!-- testRunner.RunTesterClass -->
    </test> <!-- Test -->
  </suite> <!-- Suite -->
</testng-results>
